<?xml version="1.0" encoding="UTF-8"?>
<!-- Generated by org.testng.reporters.JUnitReportReporter -->
<testsuite hostname="SagarH-TXL" name="com.qa.amazon.testcase.LoginPageTest" tests="1" failures="0" timestamp="27 Mar 2020 06:09:34 GMT" time="8.920" errors="0">
  <testcase name="loginPageTitleTest" time="8.920" classname="com.qa.amazon.testcase.LoginPageTest"/>
</testsuite> <!-- com.qa.amazon.testcase.LoginPageTest -->
