<?xml version="1.0" encoding="UTF-8"?>
<!-- Generated by org.testng.reporters.JUnitReportReporter -->
<testsuite hostname="SagarH-TXL" name="com.qa.amazon.testcase.t" tests="1" failures="0" timestamp="26 Mar 2020 03:26:12 GMT" time="0.008" errors="0">
  <testcase name="name" time="0.008" classname="com.qa.amazon.testcase.t"/>
</testsuite> <!-- com.qa.amazon.testcase.t -->
