<?xml version="1.0" encoding="UTF-8"?>
<!-- Generated by org.testng.reporters.JUnitReportReporter -->
<testsuite hostname="SagarH-TXL" name="com.qa.amazon.testcase.Testngpagetest" tests="1" failures="0" timestamp="26 Mar 2020 03:26:53 GMT" time="0.004" errors="0">
  <testcase name="testngPageTitleTest" time="0.004" classname="com.qa.amazon.testcase.Testngpagetest"/>
</testsuite> <!-- com.qa.amazon.testcase.Testngpagetest -->
